<?xml version="1.0" encoding="UTF-8"?>
<testng-results skipped="0" failed="0" ignored="0" total="1" passed="1">
  <reporter-output>
  </reporter-output>
  <suite name="Default suite" duration-ms="128342" started-at="2022-01-10T11:59:24 EET" finished-at="2022-01-10T12:01:32 EET">
    <groups>
    </groups>
    <test name="Default test" duration-ms="128342" started-at="2022-01-10T11:59:24 EET" finished-at="2022-01-10T12:01:32 EET">
      <class name="testng.testSuite.TestCase_001_ValidateSelectAndValidateTheProduct">
        <test-method status="PASS" signature="setup()[pri:0, instance:testng.testSuite.TestCase_001_ValidateSelectAndValidateTheProduct@23fe1d71]" name="setup" is-config="true" duration-ms="19727" started-at="2022-01-10T11:59:24 EET" finished-at="2022-01-10T11:59:44 EET">
          <reporter-output>
          </reporter-output>
        </test-method> <!-- setup -->
        <test-method status="PASS" signature="TestCase_Number_001()[pri:0, instance:testng.testSuite.TestCase_001_ValidateSelectAndValidateTheProduct@23fe1d71]" name="TestCase_Number_001" duration-ms="107235" started-at="2022-01-10T11:59:44 EET" finished-at="2022-01-10T12:01:31 EET">
          <reporter-output>
          </reporter-output>
        </test-method> <!-- TestCase_Number_001 -->
        <test-method status="PASS" signature="teardown()[pri:0, instance:testng.testSuite.TestCase_001_ValidateSelectAndValidateTheProduct@23fe1d71]" name="teardown" is-config="true" duration-ms="1180" started-at="2022-01-10T12:01:31 EET" finished-at="2022-01-10T12:01:32 EET">
          <reporter-output>
          </reporter-output>
        </test-method> <!-- teardown -->
      </class> <!-- testng.testSuite.TestCase_001_ValidateSelectAndValidateTheProduct -->
    </test> <!-- Default test -->
  </suite> <!-- Default suite -->
</testng-results>
